[0.010s] Invoking command in '/home/jblevins32/IRR5/build/coords_pubsub': CMAKE_PREFIX_PATH=${CMAKE_PREFIX_PATH}:/home/jblevins32/turtlebot3_ws/install/turtlebot3_teleop:/home/jblevins32/turtlebot3_ws/install/turtlebot3_example:/opt/ros/humble DEBUGINFOD_URLS=https://debuginfod.ubuntu.com /usr/bin/cmake --build /home/jblevins32/IRR5/build/coords_pubsub -- -j28 -l28
[0.059s] [35m[1mConsolidate compiler generated dependencies of target coords_pubsub[0m
[0.075s] [100%] Built target coords_pubsub
[0.088s] Invoked command in '/home/jblevins32/IRR5/build/coords_pubsub' returned '0': CMAKE_PREFIX_PATH=${CMAKE_PREFIX_PATH}:/home/jblevins32/turtlebot3_ws/install/turtlebot3_teleop:/home/jblevins32/turtlebot3_ws/install/turtlebot3_example:/opt/ros/humble DEBUGINFOD_URLS=https://debuginfod.ubuntu.com /usr/bin/cmake --build /home/jblevins32/IRR5/build/coords_pubsub -- -j28 -l28
[0.096s] Invoking command in '/home/jblevins32/IRR5/build/coords_pubsub': CMAKE_PREFIX_PATH=${CMAKE_PREFIX_PATH}:/home/jblevins32/turtlebot3_ws/install/turtlebot3_teleop:/home/jblevins32/turtlebot3_ws/install/turtlebot3_example:/opt/ros/humble DEBUGINFOD_URLS=https://debuginfod.ubuntu.com /usr/bin/cmake --install /home/jblevins32/IRR5/build/coords_pubsub
[0.104s] -- Install configuration: ""
[0.104s] -- Up-to-date: /home/jblevins32/IRR5/install/coords_pubsub/lib/coords_pubsub/coords_pubsub
[0.104s] -- Up-to-date: /home/jblevins32/IRR5/install/coords_pubsub/share/ament_index/resource_index/package_run_dependencies/coords_pubsub
[0.105s] -- Up-to-date: /home/jblevins32/IRR5/install/coords_pubsub/share/ament_index/resource_index/parent_prefix_path/coords_pubsub
[0.105s] -- Up-to-date: /home/jblevins32/IRR5/install/coords_pubsub/share/coords_pubsub/environment/ament_prefix_path.sh
[0.105s] -- Up-to-date: /home/jblevins32/IRR5/install/coords_pubsub/share/coords_pubsub/environment/ament_prefix_path.dsv
[0.105s] -- Up-to-date: /home/jblevins32/IRR5/install/coords_pubsub/share/coords_pubsub/environment/path.sh
[0.105s] -- Up-to-date: /home/jblevins32/IRR5/install/coords_pubsub/share/coords_pubsub/environment/path.dsv
[0.105s] -- Up-to-date: /home/jblevins32/IRR5/install/coords_pubsub/share/coords_pubsub/local_setup.bash
[0.105s] -- Up-to-date: /home/jblevins32/IRR5/install/coords_pubsub/share/coords_pubsub/local_setup.sh
[0.105s] -- Up-to-date: /home/jblevins32/IRR5/install/coords_pubsub/share/coords_pubsub/local_setup.zsh
[0.106s] -- Up-to-date: /home/jblevins32/IRR5/install/coords_pubsub/share/coords_pubsub/local_setup.dsv
[0.106s] -- Installing: /home/jblevins32/IRR5/install/coords_pubsub/share/coords_pubsub/package.dsv
[0.106s] -- Up-to-date: /home/jblevins32/IRR5/install/coords_pubsub/share/ament_index/resource_index/packages/coords_pubsub
[0.106s] -- Up-to-date: /home/jblevins32/IRR5/install/coords_pubsub/share/coords_pubsub/cmake/coords_pubsubConfig.cmake
[0.107s] -- Up-to-date: /home/jblevins32/IRR5/install/coords_pubsub/share/coords_pubsub/cmake/coords_pubsubConfig-version.cmake
[0.107s] -- Up-to-date: /home/jblevins32/IRR5/install/coords_pubsub/share/coords_pubsub/package.xml
[0.107s] Invoked command in '/home/jblevins32/IRR5/build/coords_pubsub' returned '0': CMAKE_PREFIX_PATH=${CMAKE_PREFIX_PATH}:/home/jblevins32/turtlebot3_ws/install/turtlebot3_teleop:/home/jblevins32/turtlebot3_ws/install/turtlebot3_example:/opt/ros/humble DEBUGINFOD_URLS=https://debuginfod.ubuntu.com /usr/bin/cmake --install /home/jblevins32/IRR5/build/coords_pubsub
