[0.007s] Invoking command in '/home/jblevins32/IRR5/build/coords_pubsub': CMAKE_PREFIX_PATH=${CMAKE_PREFIX_PATH}:/opt/ros/humble DEBUGINFOD_URLS=https://debuginfod.ubuntu.com /usr/bin/cmake --build /home/jblevins32/IRR5/build/coords_pubsub -- -j28 -l28
[0.068s] [100%] Built target coords_pubsub
[0.084s] Invoked command in '/home/jblevins32/IRR5/build/coords_pubsub' returned '0': CMAKE_PREFIX_PATH=${CMAKE_PREFIX_PATH}:/opt/ros/humble DEBUGINFOD_URLS=https://debuginfod.ubuntu.com /usr/bin/cmake --build /home/jblevins32/IRR5/build/coords_pubsub -- -j28 -l28
[0.097s] Invoking command in '/home/jblevins32/IRR5/build/coords_pubsub': CMAKE_PREFIX_PATH=${CMAKE_PREFIX_PATH}:/opt/ros/humble DEBUGINFOD_URLS=https://debuginfod.ubuntu.com /usr/bin/cmake --install /home/jblevins32/IRR5/build/coords_pubsub
[0.106s] -- Install configuration: ""
[0.106s] -- Up-to-date: /home/jblevins32/IRR5/install/coords_pubsub/lib/coords_pubsub/coords_pubsub
[0.106s] -- Up-to-date: /home/jblevins32/IRR5/install/coords_pubsub/share/ament_index/resource_index/package_run_dependencies/coords_pubsub
[0.106s] -- Up-to-date: /home/jblevins32/IRR5/install/coords_pubsub/share/ament_index/resource_index/parent_prefix_path/coords_pubsub
[0.106s] -- Up-to-date: /home/jblevins32/IRR5/install/coords_pubsub/share/coords_pubsub/environment/ament_prefix_path.sh
[0.106s] -- Up-to-date: /home/jblevins32/IRR5/install/coords_pubsub/share/coords_pubsub/environment/ament_prefix_path.dsv
[0.106s] -- Up-to-date: /home/jblevins32/IRR5/install/coords_pubsub/share/coords_pubsub/environment/path.sh
[0.107s] -- Up-to-date: /home/jblevins32/IRR5/install/coords_pubsub/share/coords_pubsub/environment/path.dsv
[0.107s] -- Up-to-date: /home/jblevins32/IRR5/install/coords_pubsub/share/coords_pubsub/local_setup.bash
[0.107s] -- Up-to-date: /home/jblevins32/IRR5/install/coords_pubsub/share/coords_pubsub/local_setup.sh
[0.107s] -- Up-to-date: /home/jblevins32/IRR5/install/coords_pubsub/share/coords_pubsub/local_setup.zsh
[0.107s] -- Up-to-date: /home/jblevins32/IRR5/install/coords_pubsub/share/coords_pubsub/local_setup.dsv
[0.107s] -- Installing: /home/jblevins32/IRR5/install/coords_pubsub/share/coords_pubsub/package.dsv
[0.107s] -- Up-to-date: /home/jblevins32/IRR5/install/coords_pubsub/share/ament_index/resource_index/packages/coords_pubsub
[0.107s] -- Up-to-date: /home/jblevins32/IRR5/install/coords_pubsub/share/coords_pubsub/cmake/coords_pubsubConfig.cmake
[0.107s] -- Up-to-date: /home/jblevins32/IRR5/install/coords_pubsub/share/coords_pubsub/cmake/coords_pubsubConfig-version.cmake
[0.107s] -- Up-to-date: /home/jblevins32/IRR5/install/coords_pubsub/share/coords_pubsub/package.xml
[0.108s] Invoked command in '/home/jblevins32/IRR5/build/coords_pubsub' returned '0': CMAKE_PREFIX_PATH=${CMAKE_PREFIX_PATH}:/opt/ros/humble DEBUGINFOD_URLS=https://debuginfod.ubuntu.com /usr/bin/cmake --install /home/jblevins32/IRR5/build/coords_pubsub
