[0.008s] Invoking command in '/home/jblevins32/IRR5/build/coords_pubsub': CMAKE_PREFIX_PATH=${CMAKE_PREFIX_PATH}:/opt/ros/humble DEBUGINFOD_URLS=https://debuginfod.ubuntu.com /usr/bin/cmake --build /home/jblevins32/IRR5/build/coords_pubsub -- -j28 -l28
[0.059s] [35m[1mConsolidate compiler generated dependencies of target coords_pubsub[0m
[0.075s] [ 50%] [32mBuilding CXX object CMakeFiles/coords_pubsub.dir/src/coords_pubsub.cpp.o[0m
[6.613s] [100%] [32m[1mLinking CXX executable coords_pubsub[0m
[6.968s] [100%] Built target coords_pubsub
[6.976s] Invoked command in '/home/jblevins32/IRR5/build/coords_pubsub' returned '0': CMAKE_PREFIX_PATH=${CMAKE_PREFIX_PATH}:/opt/ros/humble DEBUGINFOD_URLS=https://debuginfod.ubuntu.com /usr/bin/cmake --build /home/jblevins32/IRR5/build/coords_pubsub -- -j28 -l28
[6.983s] Invoking command in '/home/jblevins32/IRR5/build/coords_pubsub': CMAKE_PREFIX_PATH=${CMAKE_PREFIX_PATH}:/opt/ros/humble DEBUGINFOD_URLS=https://debuginfod.ubuntu.com /usr/bin/cmake --install /home/jblevins32/IRR5/build/coords_pubsub
[6.988s] -- Install configuration: ""
[6.988s] -- Installing: /home/jblevins32/IRR5/install/coords_pubsub/lib/coords_pubsub/coords_pubsub
[6.992s] -- Set runtime path of "/home/jblevins32/IRR5/install/coords_pubsub/lib/coords_pubsub/coords_pubsub" to ""
[6.992s] -- Up-to-date: /home/jblevins32/IRR5/install/coords_pubsub/share/ament_index/resource_index/package_run_dependencies/coords_pubsub
[6.992s] -- Up-to-date: /home/jblevins32/IRR5/install/coords_pubsub/share/ament_index/resource_index/parent_prefix_path/coords_pubsub
[6.992s] -- Up-to-date: /home/jblevins32/IRR5/install/coords_pubsub/share/coords_pubsub/environment/ament_prefix_path.sh
[6.992s] -- Up-to-date: /home/jblevins32/IRR5/install/coords_pubsub/share/coords_pubsub/environment/ament_prefix_path.dsv
[6.992s] -- Up-to-date: /home/jblevins32/IRR5/install/coords_pubsub/share/coords_pubsub/environment/path.sh
[6.992s] -- Up-to-date: /home/jblevins32/IRR5/install/coords_pubsub/share/coords_pubsub/environment/path.dsv
[6.992s] -- Up-to-date: /home/jblevins32/IRR5/install/coords_pubsub/share/coords_pubsub/local_setup.bash
[6.992s] -- Up-to-date: /home/jblevins32/IRR5/install/coords_pubsub/share/coords_pubsub/local_setup.sh
[6.992s] -- Up-to-date: /home/jblevins32/IRR5/install/coords_pubsub/share/coords_pubsub/local_setup.zsh
[6.992s] -- Up-to-date: /home/jblevins32/IRR5/install/coords_pubsub/share/coords_pubsub/local_setup.dsv
[6.992s] -- Installing: /home/jblevins32/IRR5/install/coords_pubsub/share/coords_pubsub/package.dsv
[6.993s] -- Up-to-date: /home/jblevins32/IRR5/install/coords_pubsub/share/ament_index/resource_index/packages/coords_pubsub
[6.993s] -- Up-to-date: /home/jblevins32/IRR5/install/coords_pubsub/share/coords_pubsub/cmake/coords_pubsubConfig.cmake
[6.993s] -- Up-to-date: /home/jblevins32/IRR5/install/coords_pubsub/share/coords_pubsub/cmake/coords_pubsubConfig-version.cmake
[6.993s] -- Up-to-date: /home/jblevins32/IRR5/install/coords_pubsub/share/coords_pubsub/package.xml
[6.994s] Invoked command in '/home/jblevins32/IRR5/build/coords_pubsub' returned '0': CMAKE_PREFIX_PATH=${CMAKE_PREFIX_PATH}:/opt/ros/humble DEBUGINFOD_URLS=https://debuginfod.ubuntu.com /usr/bin/cmake --install /home/jblevins32/IRR5/build/coords_pubsub
