[0.069s] DEBUG:colcon:Command line arguments: ['/usr/bin/colcon', 'build']
[0.069s] DEBUG:colcon:Parsed command line arguments: Namespace(log_base=None, log_level=None, verb_name='build', build_base='build', install_base='install', merge_install=False, symlink_install=False, test_result_base=None, continue_on_error=False, executor='parallel', parallel_workers=28, event_handlers=None, ignore_user_meta=False, metas=['./colcon.meta'], base_paths=['.'], packages_ignore=None, packages_ignore_regex=None, paths=None, packages_up_to=None, packages_up_to_regex=None, packages_above=None, packages_above_and_dependencies=None, packages_above_depth=None, packages_select_by_dep=None, packages_skip_by_dep=None, packages_skip_up_to=None, packages_select_build_failed=False, packages_skip_build_finished=False, packages_select_test_failures=False, packages_skip_test_passed=False, packages_select=None, packages_skip=None, packages_select_regex=None, packages_skip_regex=None, packages_start=None, packages_end=None, allow_overriding=[], cmake_args=None, cmake_target=None, cmake_target_skip_unavailable=False, cmake_clean_cache=False, cmake_clean_first=False, cmake_force_configure=False, ament_cmake_args=None, catkin_cmake_args=None, catkin_skip_building_tests=False, mixin_files=None, mixin=None, verb_parser=<colcon_mixin.mixin.mixin_argument.MixinArgumentDecorator object at 0x721caef76980>, verb_extension=<colcon_core.verb.build.BuildVerb object at 0x721caf07ff10>, main=<bound method BuildVerb.main of <colcon_core.verb.build.BuildVerb object at 0x721caf07ff10>>, mixin_verb=('build',))
[0.181s] Level 1:colcon.colcon_core.package_discovery:discover_packages(colcon_meta) check parameters
[0.181s] Level 1:colcon.colcon_core.package_discovery:discover_packages(recursive) check parameters
[0.181s] Level 1:colcon.colcon_core.package_discovery:discover_packages(ignore) check parameters
[0.181s] Level 1:colcon.colcon_core.package_discovery:discover_packages(path) check parameters
[0.181s] Level 1:colcon.colcon_core.package_discovery:discover_packages(colcon_meta) discover
[0.181s] Level 1:colcon.colcon_core.package_discovery:discover_packages(recursive) discover
[0.181s] INFO:colcon.colcon_core.package_discovery:Crawling recursively for packages in '/home/jblevins32/IRR5'
[0.181s] Level 1:colcon.colcon_core.package_identification:_identify(.) by extensions ['ignore', 'ignore_ament_install']
[0.182s] Level 1:colcon.colcon_core.package_identification:_identify(.) by extension 'ignore'
[0.182s] Level 1:colcon.colcon_core.package_identification:_identify(.) by extension 'ignore_ament_install'
[0.182s] Level 1:colcon.colcon_core.package_identification:_identify(.) by extensions ['colcon_pkg']
[0.182s] Level 1:colcon.colcon_core.package_identification:_identify(.) by extension 'colcon_pkg'
[0.182s] Level 1:colcon.colcon_core.package_identification:_identify(.) by extensions ['colcon_meta']
[0.182s] Level 1:colcon.colcon_core.package_identification:_identify(.) by extension 'colcon_meta'
[0.182s] Level 1:colcon.colcon_core.package_identification:_identify(.) by extensions ['ros']
[0.182s] Level 1:colcon.colcon_core.package_identification:_identify(.) by extension 'ros'
[0.203s] Level 1:colcon.colcon_core.package_identification:_identify(.) by extensions ['cmake', 'python']
[0.203s] Level 1:colcon.colcon_core.package_identification:_identify(.) by extension 'cmake'
[0.203s] Level 1:colcon.colcon_core.package_identification:_identify(.) by extension 'python'
[0.203s] Level 1:colcon.colcon_core.package_identification:_identify(.) by extensions ['python_setup_py']
[0.203s] Level 1:colcon.colcon_core.package_identification:_identify(.) by extension 'python_setup_py'
[0.203s] Level 1:colcon.colcon_core.package_identification:_identify(build) by extensions ['ignore', 'ignore_ament_install']
[0.203s] Level 1:colcon.colcon_core.package_identification:_identify(build) by extension 'ignore'
[0.203s] Level 1:colcon.colcon_core.package_identification:_identify(build) ignored
[0.203s] Level 1:colcon.colcon_core.package_identification:_identify(install) by extensions ['ignore', 'ignore_ament_install']
[0.203s] Level 1:colcon.colcon_core.package_identification:_identify(install) by extension 'ignore'
[0.203s] Level 1:colcon.colcon_core.package_identification:_identify(install) ignored
[0.203s] Level 1:colcon.colcon_core.package_identification:_identify(log) by extensions ['ignore', 'ignore_ament_install']
[0.203s] Level 1:colcon.colcon_core.package_identification:_identify(log) by extension 'ignore'
[0.203s] Level 1:colcon.colcon_core.package_identification:_identify(log) ignored
[0.203s] Level 1:colcon.colcon_core.package_identification:_identify(src) by extensions ['ignore', 'ignore_ament_install']
[0.203s] Level 1:colcon.colcon_core.package_identification:_identify(src) by extension 'ignore'
[0.203s] Level 1:colcon.colcon_core.package_identification:_identify(src) by extension 'ignore_ament_install'
[0.203s] Level 1:colcon.colcon_core.package_identification:_identify(src) by extensions ['colcon_pkg']
[0.203s] Level 1:colcon.colcon_core.package_identification:_identify(src) by extension 'colcon_pkg'
[0.203s] Level 1:colcon.colcon_core.package_identification:_identify(src) by extensions ['colcon_meta']
[0.203s] Level 1:colcon.colcon_core.package_identification:_identify(src) by extension 'colcon_meta'
[0.203s] Level 1:colcon.colcon_core.package_identification:_identify(src) by extensions ['ros']
[0.203s] Level 1:colcon.colcon_core.package_identification:_identify(src) by extension 'ros'
[0.203s] Level 1:colcon.colcon_core.package_identification:_identify(src) by extensions ['cmake', 'python']
[0.203s] Level 1:colcon.colcon_core.package_identification:_identify(src) by extension 'cmake'
[0.203s] Level 1:colcon.colcon_core.package_identification:_identify(src) by extension 'python'
[0.203s] Level 1:colcon.colcon_core.package_identification:_identify(src) by extensions ['python_setup_py']
[0.203s] Level 1:colcon.colcon_core.package_identification:_identify(src) by extension 'python_setup_py'
[0.204s] Level 1:colcon.colcon_core.package_identification:_identify(src/coords_pubsub) by extensions ['ignore', 'ignore_ament_install']
[0.204s] Level 1:colcon.colcon_core.package_identification:_identify(src/coords_pubsub) by extension 'ignore'
[0.204s] Level 1:colcon.colcon_core.package_identification:_identify(src/coords_pubsub) by extension 'ignore_ament_install'
[0.204s] Level 1:colcon.colcon_core.package_identification:_identify(src/coords_pubsub) by extensions ['colcon_pkg']
[0.204s] Level 1:colcon.colcon_core.package_identification:_identify(src/coords_pubsub) by extension 'colcon_pkg'
[0.204s] Level 1:colcon.colcon_core.package_identification:_identify(src/coords_pubsub) by extensions ['colcon_meta']
[0.204s] Level 1:colcon.colcon_core.package_identification:_identify(src/coords_pubsub) by extension 'colcon_meta'
[0.204s] Level 1:colcon.colcon_core.package_identification:_identify(src/coords_pubsub) by extensions ['ros']
[0.204s] Level 1:colcon.colcon_core.package_identification:_identify(src/coords_pubsub) by extension 'ros'
[0.205s] DEBUG:colcon.colcon_core.package_identification:Package 'src/coords_pubsub' with type 'ros.ament_cmake' and name 'coords_pubsub'
[0.205s] Level 1:colcon.colcon_core.package_discovery:discover_packages(recursive) using defaults
[0.205s] Level 1:colcon.colcon_core.package_discovery:discover_packages(ignore) discover
[0.205s] Level 1:colcon.colcon_core.package_discovery:discover_packages(ignore) using defaults
[0.205s] Level 1:colcon.colcon_core.package_discovery:discover_packages(path) discover
[0.206s] Level 1:colcon.colcon_core.package_discovery:discover_packages(path) using defaults
[0.218s] Level 1:colcon.colcon_core.package_discovery:discover_packages(prefix_path) check parameters
[0.218s] Level 1:colcon.colcon_core.package_discovery:discover_packages(prefix_path) discover
[0.219s] DEBUG:colcon.colcon_installed_package_information.package_discovery:Found 15 installed packages in /home/jblevins32/turtlebot3_ws/install
[0.220s] DEBUG:colcon.colcon_installed_package_information.package_discovery:Found 331 installed packages in /opt/ros/humble
[0.221s] Level 1:colcon.colcon_core.package_discovery:discover_packages(prefix_path) using defaults
[0.246s] Level 5:colcon.colcon_core.verb:set package 'coords_pubsub' build argument 'cmake_args' from command line to 'None'
[0.246s] Level 5:colcon.colcon_core.verb:set package 'coords_pubsub' build argument 'cmake_target' from command line to 'None'
[0.246s] Level 5:colcon.colcon_core.verb:set package 'coords_pubsub' build argument 'cmake_target_skip_unavailable' from command line to 'False'
[0.246s] Level 5:colcon.colcon_core.verb:set package 'coords_pubsub' build argument 'cmake_clean_cache' from command line to 'False'
[0.246s] Level 5:colcon.colcon_core.verb:set package 'coords_pubsub' build argument 'cmake_clean_first' from command line to 'False'
[0.246s] Level 5:colcon.colcon_core.verb:set package 'coords_pubsub' build argument 'cmake_force_configure' from command line to 'False'
[0.246s] Level 5:colcon.colcon_core.verb:set package 'coords_pubsub' build argument 'ament_cmake_args' from command line to 'None'
[0.246s] Level 5:colcon.colcon_core.verb:set package 'coords_pubsub' build argument 'catkin_cmake_args' from command line to 'None'
[0.246s] Level 5:colcon.colcon_core.verb:set package 'coords_pubsub' build argument 'catkin_skip_building_tests' from command line to 'False'
[0.246s] DEBUG:colcon.colcon_core.verb:Building package 'coords_pubsub' with the following arguments: {'ament_cmake_args': None, 'build_base': '/home/jblevins32/IRR5/build/coords_pubsub', 'catkin_cmake_args': None, 'catkin_skip_building_tests': False, 'cmake_args': None, 'cmake_clean_cache': False, 'cmake_clean_first': False, 'cmake_force_configure': False, 'cmake_target': None, 'cmake_target_skip_unavailable': False, 'install_base': '/home/jblevins32/IRR5/install/coords_pubsub', 'merge_install': False, 'path': '/home/jblevins32/IRR5/src/coords_pubsub', 'symlink_install': False, 'test_result_base': None}
[0.246s] INFO:colcon.colcon_core.executor:Executing jobs using 'parallel' executor
[0.247s] DEBUG:colcon.colcon_parallel_executor.executor.parallel:run_until_complete
[0.247s] INFO:colcon.colcon_ros.task.ament_cmake.build:Building ROS package in '/home/jblevins32/IRR5/src/coords_pubsub' with build type 'ament_cmake'
[0.247s] INFO:colcon.colcon_cmake.task.cmake.build:Building CMake package in '/home/jblevins32/IRR5/src/coords_pubsub'
[0.248s] INFO:colcon.colcon_core.plugin_system:Skipping extension 'colcon_core.shell.bat': Not used on non-Windows systems
[0.248s] INFO:colcon.colcon_core.shell:Skip shell extension 'powershell' for command environment: Not usable outside of PowerShell
[0.248s] DEBUG:colcon.colcon_core.shell:Skip shell extension 'dsv' for command environment
[0.256s] DEBUG:colcon.colcon_core.event_handler.log_command:Invoking command in '/home/jblevins32/IRR5/build/coords_pubsub': CMAKE_PREFIX_PATH=${CMAKE_PREFIX_PATH}:/opt/ros/humble DEBUGINFOD_URLS=https://debuginfod.ubuntu.com /usr/bin/cmake --build /home/jblevins32/IRR5/build/coords_pubsub -- -j28 -l28
[5.719s] DEBUG:colcon.colcon_core.event_handler.log_command:Invoked command in '/home/jblevins32/IRR5/build/coords_pubsub' returned '0': CMAKE_PREFIX_PATH=${CMAKE_PREFIX_PATH}:/opt/ros/humble DEBUGINFOD_URLS=https://debuginfod.ubuntu.com /usr/bin/cmake --build /home/jblevins32/IRR5/build/coords_pubsub -- -j28 -l28
[5.732s] DEBUG:colcon.colcon_core.event_handler.log_command:Invoking command in '/home/jblevins32/IRR5/build/coords_pubsub': CMAKE_PREFIX_PATH=${CMAKE_PREFIX_PATH}:/opt/ros/humble DEBUGINFOD_URLS=https://debuginfod.ubuntu.com /usr/bin/cmake --install /home/jblevins32/IRR5/build/coords_pubsub
[5.749s] Level 1:colcon.colcon_core.environment:create_environment_scripts_only(coords_pubsub)
[5.749s] DEBUG:colcon.colcon_core.event_handler.log_command:Invoked command in '/home/jblevins32/IRR5/build/coords_pubsub' returned '0': CMAKE_PREFIX_PATH=${CMAKE_PREFIX_PATH}:/opt/ros/humble DEBUGINFOD_URLS=https://debuginfod.ubuntu.com /usr/bin/cmake --install /home/jblevins32/IRR5/build/coords_pubsub
[5.751s] Level 1:colcon.colcon_core.environment:checking '/home/jblevins32/IRR5/install/coords_pubsub' for CMake module files
[5.751s] Level 1:colcon.colcon_core.environment:checking '/home/jblevins32/IRR5/install/coords_pubsub' for CMake config files
[5.752s] Level 1:colcon.colcon_core.shell:create_environment_hook('coords_pubsub', 'cmake_prefix_path')
[5.752s] INFO:colcon.colcon_core.shell:Creating environment hook '/home/jblevins32/IRR5/install/coords_pubsub/share/coords_pubsub/hook/cmake_prefix_path.ps1'
[5.753s] INFO:colcon.colcon_core.shell:Creating environment descriptor '/home/jblevins32/IRR5/install/coords_pubsub/share/coords_pubsub/hook/cmake_prefix_path.dsv'
[5.754s] INFO:colcon.colcon_core.shell:Creating environment hook '/home/jblevins32/IRR5/install/coords_pubsub/share/coords_pubsub/hook/cmake_prefix_path.sh'
[5.756s] Level 1:colcon.colcon_core.environment:checking '/home/jblevins32/IRR5/install/coords_pubsub/lib'
[5.756s] Level 1:colcon.colcon_core.environment:checking '/home/jblevins32/IRR5/install/coords_pubsub/bin'
[5.756s] Level 1:colcon.colcon_core.environment:checking '/home/jblevins32/IRR5/install/coords_pubsub/lib/pkgconfig/coords_pubsub.pc'
[5.757s] Level 1:colcon.colcon_core.environment:checking '/home/jblevins32/IRR5/install/coords_pubsub/lib/python3.10/site-packages'
[5.757s] Level 1:colcon.colcon_core.environment:checking '/home/jblevins32/IRR5/install/coords_pubsub/bin'
[5.757s] INFO:colcon.colcon_core.shell:Creating package script '/home/jblevins32/IRR5/install/coords_pubsub/share/coords_pubsub/package.ps1'
[5.759s] INFO:colcon.colcon_core.shell:Creating package descriptor '/home/jblevins32/IRR5/install/coords_pubsub/share/coords_pubsub/package.dsv'
[5.759s] INFO:colcon.colcon_core.shell:Creating package script '/home/jblevins32/IRR5/install/coords_pubsub/share/coords_pubsub/package.sh'
[5.760s] INFO:colcon.colcon_core.shell:Creating package script '/home/jblevins32/IRR5/install/coords_pubsub/share/coords_pubsub/package.bash'
[5.761s] INFO:colcon.colcon_core.shell:Creating package script '/home/jblevins32/IRR5/install/coords_pubsub/share/coords_pubsub/package.zsh'
[5.761s] Level 1:colcon.colcon_core.environment:create_file_with_runtime_dependencies(/home/jblevins32/IRR5/install/coords_pubsub/share/colcon-core/packages/coords_pubsub)
[5.762s] Level 1:colcon.colcon_core.environment:create_environment_scripts_only(coords_pubsub)
[5.762s] Level 1:colcon.colcon_core.environment:checking '/home/jblevins32/IRR5/install/coords_pubsub' for CMake module files
[5.763s] Level 1:colcon.colcon_core.environment:checking '/home/jblevins32/IRR5/install/coords_pubsub' for CMake config files
[5.763s] Level 1:colcon.colcon_core.shell:create_environment_hook('coords_pubsub', 'cmake_prefix_path')
[5.763s] INFO:colcon.colcon_core.shell:Creating environment hook '/home/jblevins32/IRR5/install/coords_pubsub/share/coords_pubsub/hook/cmake_prefix_path.ps1'
[5.764s] INFO:colcon.colcon_core.shell:Creating environment descriptor '/home/jblevins32/IRR5/install/coords_pubsub/share/coords_pubsub/hook/cmake_prefix_path.dsv'
[5.764s] INFO:colcon.colcon_core.shell:Creating environment hook '/home/jblevins32/IRR5/install/coords_pubsub/share/coords_pubsub/hook/cmake_prefix_path.sh'
[5.764s] Level 1:colcon.colcon_core.environment:checking '/home/jblevins32/IRR5/install/coords_pubsub/lib'
[5.764s] Level 1:colcon.colcon_core.environment:checking '/home/jblevins32/IRR5/install/coords_pubsub/bin'
[5.764s] Level 1:colcon.colcon_core.environment:checking '/home/jblevins32/IRR5/install/coords_pubsub/lib/pkgconfig/coords_pubsub.pc'
[5.765s] Level 1:colcon.colcon_core.environment:checking '/home/jblevins32/IRR5/install/coords_pubsub/lib/python3.10/site-packages'
[5.765s] Level 1:colcon.colcon_core.environment:checking '/home/jblevins32/IRR5/install/coords_pubsub/bin'
[5.765s] INFO:colcon.colcon_core.shell:Creating package script '/home/jblevins32/IRR5/install/coords_pubsub/share/coords_pubsub/package.ps1'
[5.765s] INFO:colcon.colcon_core.shell:Creating package descriptor '/home/jblevins32/IRR5/install/coords_pubsub/share/coords_pubsub/package.dsv'
[5.766s] INFO:colcon.colcon_core.shell:Creating package script '/home/jblevins32/IRR5/install/coords_pubsub/share/coords_pubsub/package.sh'
[5.766s] INFO:colcon.colcon_core.shell:Creating package script '/home/jblevins32/IRR5/install/coords_pubsub/share/coords_pubsub/package.bash'
[5.766s] INFO:colcon.colcon_core.shell:Creating package script '/home/jblevins32/IRR5/install/coords_pubsub/share/coords_pubsub/package.zsh'
[5.766s] Level 1:colcon.colcon_core.environment:create_file_with_runtime_dependencies(/home/jblevins32/IRR5/install/coords_pubsub/share/colcon-core/packages/coords_pubsub)
[5.767s] DEBUG:colcon.colcon_parallel_executor.executor.parallel:closing loop
[5.767s] DEBUG:colcon.colcon_parallel_executor.executor.parallel:loop closed
[5.767s] DEBUG:colcon.colcon_parallel_executor.executor.parallel:run_until_complete finished with '0'
[5.767s] DEBUG:colcon.colcon_core.event_reactor:joining thread
[5.770s] INFO:colcon.colcon_core.plugin_system:Skipping extension 'colcon_notification.desktop_notification.terminal_notifier': Not used on non-Darwin systems
[5.770s] INFO:colcon.colcon_core.plugin_system:Skipping extension 'colcon_notification.desktop_notification.win32': Not used on non-Windows systems
[5.770s] INFO:colcon.colcon_notification.desktop_notification:Sending desktop notification using 'notify2'
[5.785s] DEBUG:colcon.colcon_core.event_reactor:joined thread
[5.786s] INFO:colcon.colcon_core.shell:Creating prefix script '/home/jblevins32/IRR5/install/local_setup.ps1'
[5.787s] INFO:colcon.colcon_core.shell:Creating prefix util module '/home/jblevins32/IRR5/install/_local_setup_util_ps1.py'
[5.787s] INFO:colcon.colcon_core.shell:Creating prefix chain script '/home/jblevins32/IRR5/install/setup.ps1'
[5.788s] INFO:colcon.colcon_core.shell:Creating prefix script '/home/jblevins32/IRR5/install/local_setup.sh'
[5.788s] INFO:colcon.colcon_core.shell:Creating prefix util module '/home/jblevins32/IRR5/install/_local_setup_util_sh.py'
[5.789s] INFO:colcon.colcon_core.shell:Creating prefix chain script '/home/jblevins32/IRR5/install/setup.sh'
[5.790s] INFO:colcon.colcon_core.shell:Creating prefix script '/home/jblevins32/IRR5/install/local_setup.bash'
[5.790s] INFO:colcon.colcon_core.shell:Creating prefix chain script '/home/jblevins32/IRR5/install/setup.bash'
[5.791s] INFO:colcon.colcon_core.shell:Creating prefix script '/home/jblevins32/IRR5/install/local_setup.zsh'
[5.792s] INFO:colcon.colcon_core.shell:Creating prefix chain script '/home/jblevins32/IRR5/install/setup.zsh'
