[0.008s] Invoking command in '/home/jblevins32/IRR5/build/coords_pubsub': CMAKE_PREFIX_PATH=${CMAKE_PREFIX_PATH}:/opt/ros/humble DEBUGINFOD_URLS=https://debuginfod.ubuntu.com /usr/bin/cmake --build /home/jblevins32/IRR5/build/coords_pubsub -- -j28 -l28
[0.058s] [35m[1mConsolidate compiler generated dependencies of target coords_pubsub[0m
[0.077s] [ 50%] [32mBuilding CXX object CMakeFiles/coords_pubsub.dir/src/coords_pubsub.cpp.o[0m
[6.642s] [100%] [32m[1mLinking CXX executable coords_pubsub[0m
[7.003s] [100%] Built target coords_pubsub
[7.012s] Invoked command in '/home/jblevins32/IRR5/build/coords_pubsub' returned '0': CMAKE_PREFIX_PATH=${CMAKE_PREFIX_PATH}:/opt/ros/humble DEBUGINFOD_URLS=https://debuginfod.ubuntu.com /usr/bin/cmake --build /home/jblevins32/IRR5/build/coords_pubsub -- -j28 -l28
[7.022s] Invoking command in '/home/jblevins32/IRR5/build/coords_pubsub': CMAKE_PREFIX_PATH=${CMAKE_PREFIX_PATH}:/opt/ros/humble DEBUGINFOD_URLS=https://debuginfod.ubuntu.com /usr/bin/cmake --install /home/jblevins32/IRR5/build/coords_pubsub
[7.031s] -- Install configuration: ""
[7.031s] -- Installing: /home/jblevins32/IRR5/install/coords_pubsub/lib/coords_pubsub/coords_pubsub
[7.036s] -- Set runtime path of "/home/jblevins32/IRR5/install/coords_pubsub/lib/coords_pubsub/coords_pubsub" to ""
[7.036s] -- Up-to-date: /home/jblevins32/IRR5/install/coords_pubsub/share/ament_index/resource_index/package_run_dependencies/coords_pubsub
[7.036s] -- Up-to-date: /home/jblevins32/IRR5/install/coords_pubsub/share/ament_index/resource_index/parent_prefix_path/coords_pubsub
[7.036s] -- Up-to-date: /home/jblevins32/IRR5/install/coords_pubsub/share/coords_pubsub/environment/ament_prefix_path.sh
[7.036s] -- Up-to-date: /home/jblevins32/IRR5/install/coords_pubsub/share/coords_pubsub/environment/ament_prefix_path.dsv
[7.036s] -- Up-to-date: /home/jblevins32/IRR5/install/coords_pubsub/share/coords_pubsub/environment/path.sh
[7.036s] -- Up-to-date: /home/jblevins32/IRR5/install/coords_pubsub/share/coords_pubsub/environment/path.dsv
[7.036s] -- Up-to-date: /home/jblevins32/IRR5/install/coords_pubsub/share/coords_pubsub/local_setup.bash
[7.036s] -- Up-to-date: /home/jblevins32/IRR5/install/coords_pubsub/share/coords_pubsub/local_setup.sh
[7.036s] -- Up-to-date: /home/jblevins32/IRR5/install/coords_pubsub/share/coords_pubsub/local_setup.zsh
[7.037s] -- Up-to-date: /home/jblevins32/IRR5/install/coords_pubsub/share/coords_pubsub/local_setup.dsv
[7.037s] -- Installing: /home/jblevins32/IRR5/install/coords_pubsub/share/coords_pubsub/package.dsv
[7.037s] -- Up-to-date: /home/jblevins32/IRR5/install/coords_pubsub/share/ament_index/resource_index/packages/coords_pubsub
[7.037s] -- Up-to-date: /home/jblevins32/IRR5/install/coords_pubsub/share/coords_pubsub/cmake/coords_pubsubConfig.cmake
[7.037s] -- Up-to-date: /home/jblevins32/IRR5/install/coords_pubsub/share/coords_pubsub/cmake/coords_pubsubConfig-version.cmake
[7.037s] -- Up-to-date: /home/jblevins32/IRR5/install/coords_pubsub/share/coords_pubsub/package.xml
[7.038s] Invoked command in '/home/jblevins32/IRR5/build/coords_pubsub' returned '0': CMAKE_PREFIX_PATH=${CMAKE_PREFIX_PATH}:/opt/ros/humble DEBUGINFOD_URLS=https://debuginfod.ubuntu.com /usr/bin/cmake --install /home/jblevins32/IRR5/build/coords_pubsub
