[0.008s] Invoking command in '/home/jblevins32/IRR5/build/coords_pubsub': CMAKE_PREFIX_PATH=${CMAKE_PREFIX_PATH}:/opt/ros/humble DEBUGINFOD_URLS=https://debuginfod.ubuntu.com /usr/bin/cmake --build /home/jblevins32/IRR5/build/coords_pubsub -- -j28 -l28
[0.030s] -- Found ament_cmake: 1.3.11 (/opt/ros/humble/share/ament_cmake/cmake)
[0.122s] -- Found rclcpp: 16.0.11 (/opt/ros/humble/share/rclcpp/cmake)
[0.142s] -- Found rosidl_generator_c: 3.1.6 (/opt/ros/humble/share/rosidl_generator_c/cmake)
[0.143s] -- Found rosidl_adapter: 3.1.6 (/opt/ros/humble/share/rosidl_adapter/cmake)
[0.147s] -- Found rosidl_generator_cpp: 3.1.6 (/opt/ros/humble/share/rosidl_generator_cpp/cmake)
[0.153s] -- Using all available rosidl_typesupport_c: rosidl_typesupport_fastrtps_c;rosidl_typesupport_introspection_c
[0.162s] -- Using all available rosidl_typesupport_cpp: rosidl_typesupport_fastrtps_cpp;rosidl_typesupport_introspection_cpp
[0.183s] -- Found rmw_implementation_cmake: 6.1.2 (/opt/ros/humble/share/rmw_implementation_cmake/cmake)
[0.184s] -- Found rmw_fastrtps_cpp: 6.2.7 (/opt/ros/humble/share/rmw_fastrtps_cpp/cmake)
[0.262s] -- Using RMW implementation 'rmw_fastrtps_cpp' as default
[0.294s] -- Found geometry_msgs: 4.2.4 (/opt/ros/humble/share/geometry_msgs/cmake)
[0.302s] -- Found ament_lint_auto: 0.12.11 (/opt/ros/humble/share/ament_lint_auto/cmake)
[0.358s] -- Added test 'cppcheck' to perform static code analysis on C / C++ code
[0.358s] -- Configured cppcheck include dirs: $<BUILD_INTERFACE:/home/jblevins32/IRR5/src/coords_pubsub/include>
[0.358s] -- Configured cppcheck exclude dirs and/or files: 
[0.358s] -- Added test 'lint_cmake' to check CMake code style
[0.358s] -- Added test 'uncrustify' to check C / C++ code style
[0.359s] -- Configured uncrustify additional arguments: 
[0.359s] -- Added test 'xmllint' to check XML markup files
[0.359s] -- Configuring done
[0.365s] -- Generating done
[0.367s] -- Build files have been written to: /home/jblevins32/IRR5/build/coords_pubsub
[0.411s] [ 50%] [32mBuilding CXX object CMakeFiles/coords_pubsub.dir/src/coords_pubsub.cpp.o[0m
[0.538s] [01m[K/home/jblevins32/IRR5/src/coords_pubsub/src/coords_pubsub.cpp:2:10:[m[K [01;31m[Kfatal error: [m[Kgeometry_msgs/msg/pointstamped.hpp: No such file or directory
[0.538s]     2 | #include [01;31m[K"geometry_msgs/msg/pointstamped.hpp"[m[K
[0.538s]       |          [01;31m[K^~~~~~~~~~~~~~~~~~~~~~~~~~~~~~~~~~~~[m[K
[0.538s] compilation terminated.
[0.542s] gmake[2]: *** [CMakeFiles/coords_pubsub.dir/build.make:76: CMakeFiles/coords_pubsub.dir/src/coords_pubsub.cpp.o] Error 1
[0.542s] gmake[1]: *** [CMakeFiles/Makefile2:137: CMakeFiles/coords_pubsub.dir/all] Error 2
[0.543s] gmake: *** [Makefile:146: all] Error 2
[0.545s] Invoked command in '/home/jblevins32/IRR5/build/coords_pubsub' returned '2': CMAKE_PREFIX_PATH=${CMAKE_PREFIX_PATH}:/opt/ros/humble DEBUGINFOD_URLS=https://debuginfod.ubuntu.com /usr/bin/cmake --build /home/jblevins32/IRR5/build/coords_pubsub -- -j28 -l28
