[35m[1mConsolidate compiler generated dependencies of target coords_pubsub[0m
[ 50%] [32mBuilding CXX object CMakeFiles/coords_pubsub.dir/src/coords_pubsub.cpp.o[0m
In file included from [01m[K/opt/ros/humble/include/rclcpp/rclcpp/logging.hpp:24[m[K,
                 from [01m[K/opt/ros/humble/include/rclcpp/rclcpp/client.hpp:40[m[K,
                 from [01m[K/opt/ros/humble/include/rclcpp/rclcpp/callback_group.hpp:24[m[K,
                 from [01m[K/opt/ros/humble/include/rclcpp/rclcpp/any_executable.hpp:20[m[K,
                 from [01m[K/opt/ros/humble/include/rclcpp/rclcpp/memory_strategy.hpp:25[m[K,
                 from [01m[K/opt/ros/humble/include/rclcpp/rclcpp/memory_strategies.hpp:18[m[K,
                 from [01m[K/opt/ros/humble/include/rclcpp/rclcpp/executor_options.hpp:20[m[K,
                 from [01m[K/opt/ros/humble/include/rclcpp/rclcpp/executor.hpp:37[m[K,
                 from [01m[K/opt/ros/humble/include/rclcpp/rclcpp/executors/multi_threaded_executor.hpp:25[m[K,
                 from [01m[K/opt/ros/humble/include/rclcpp/rclcpp/executors.hpp:21[m[K,
                 from [01m[K/opt/ros/humble/include/rclcpp/rclcpp/rclcpp.hpp:155[m[K,
                 from [01m[K/home/jblevins32/IRR5/src/coords_pubsub/src/coords_pubsub.cpp:1[m[K:
[01m[K/home/jblevins32/IRR5/src/coords_pubsub/src/coords_pubsub.cpp:[m[K In member function ‘[01m[Kvoid CoordsPubSub::coords_callback(const PointStamped&)[m[K’:
[01m[K/home/jblevins32/IRR5/src/coords_pubsub/src/coords_pubsub.cpp:85:45:[m[K [01;35m[Kwarning: [m[Kformat ‘[01m[K%f[m[K’ expects argument of type ‘[01m[Kdouble[m[K’, but argument 5 has type ‘[01m[Kgeometry_msgs::msg::PointStamped[m[K’ {aka ‘[01m[Kgeometry_msgs::msg::PointStamped_<std::allocator<void> >[m[K’} [[01;35m[K]8;;https://gcc.gnu.org/onlinedocs/gcc/Warning-Options.html#index-Wformat=-Wformat=]8;;[m[K]
   85 |             RCLCPP_INFO(this->get_logger(), [01;35m[K"Going to next goal %f"[m[K, current_goal);
      |                                             [01;35m[K^~~~~~~~~~~~~~~~~~~~~~~[m[K
[01m[K/home/jblevins32/IRR5/src/coords_pubsub/src/coords_pubsub.cpp:85:66:[m[K [01;36m[Knote: [m[Kformat string is defined here
   85 |             RCLCPP_INFO(this->get_logger(), "Going to next goal [01;36m[K%f[m[K", current_goal);
      |                                                                 [01;36m[K~^[m[K
      |                                                                  [01;36m[K|[m[K
      |                                                                  [01;36m[Kdouble[m[K
[100%] [32m[1mLinking CXX executable coords_pubsub[0m
[100%] Built target coords_pubsub
-- Install configuration: ""
-- Installing: /home/jblevins32/IRR5/install/coords_pubsub/lib/coords_pubsub/coords_pubsub
-- Set runtime path of "/home/jblevins32/IRR5/install/coords_pubsub/lib/coords_pubsub/coords_pubsub" to ""
-- Up-to-date: /home/jblevins32/IRR5/install/coords_pubsub/share/ament_index/resource_index/package_run_dependencies/coords_pubsub
-- Up-to-date: /home/jblevins32/IRR5/install/coords_pubsub/share/ament_index/resource_index/parent_prefix_path/coords_pubsub
-- Up-to-date: /home/jblevins32/IRR5/install/coords_pubsub/share/coords_pubsub/environment/ament_prefix_path.sh
-- Up-to-date: /home/jblevins32/IRR5/install/coords_pubsub/share/coords_pubsub/environment/ament_prefix_path.dsv
-- Up-to-date: /home/jblevins32/IRR5/install/coords_pubsub/share/coords_pubsub/environment/path.sh
-- Up-to-date: /home/jblevins32/IRR5/install/coords_pubsub/share/coords_pubsub/environment/path.dsv
-- Up-to-date: /home/jblevins32/IRR5/install/coords_pubsub/share/coords_pubsub/local_setup.bash
-- Up-to-date: /home/jblevins32/IRR5/install/coords_pubsub/share/coords_pubsub/local_setup.sh
-- Up-to-date: /home/jblevins32/IRR5/install/coords_pubsub/share/coords_pubsub/local_setup.zsh
-- Up-to-date: /home/jblevins32/IRR5/install/coords_pubsub/share/coords_pubsub/local_setup.dsv
-- Installing: /home/jblevins32/IRR5/install/coords_pubsub/share/coords_pubsub/package.dsv
-- Up-to-date: /home/jblevins32/IRR5/install/coords_pubsub/share/ament_index/resource_index/packages/coords_pubsub
-- Up-to-date: /home/jblevins32/IRR5/install/coords_pubsub/share/coords_pubsub/cmake/coords_pubsubConfig.cmake
-- Up-to-date: /home/jblevins32/IRR5/install/coords_pubsub/share/coords_pubsub/cmake/coords_pubsubConfig-version.cmake
-- Up-to-date: /home/jblevins32/IRR5/install/coords_pubsub/share/coords_pubsub/package.xml
