[01m[K/home/jblevins32/IRR5/src/coords_pubsub/src/coords_pubsub.cpp:[m[K In member function ‘[01m[Kvoid CoordsPubSub::coords_callback(const PointStamped&)[m[K’:
[01m[K/home/jblevins32/IRR5/src/coords_pubsub/src/coords_pubsub.cpp:65:25:[m[K [01;31m[Kerror: [m[Kno match for ‘[01m[Koperator-[m[K’ (operand types are ‘[01m[Knav_msgs::msg::Odometry[m[K’ {aka ‘[01m[Knav_msgs::msg::Odometry_<std::allocator<void> >[m[K’} and ‘[01m[Kgeometry_msgs::msg::PointStamped[m[K’ {aka ‘[01m[Kgeometry_msgs::msg::PointStamped_<std::allocator<void> >[m[K’})
   65 |         if ([32m[Krecent_odom[m[K [01;31m[K-[m[K [34m[Kcurrent_goal[m[K > goal_threshold)
      |             [32m[K~~~~~~~~~~~[m[K [01;31m[K^[m[K [34m[K~~~~~~~~~~~~[m[K
      |             [32m[K|[m[K             [34m[K|[m[K
      |             [32m[K|[m[K             [34m[Kgeometry_msgs::msg::PointStamped {aka geometry_msgs::msg::PointStamped_<std::allocator<void> >}[m[K
      |             [32m[Knav_msgs::msg::Odometry {aka nav_msgs::msg::Odometry_<std::allocator<void> >}[m[K
In file included from [01m[K/usr/include/c++/11/bits/stl_algobase.h:67[m[K,
                 from [01m[K/usr/include/c++/11/memory:63[m[K,
                 from [01m[K/opt/ros/humble/include/rclcpp/rclcpp/rclcpp.hpp:153[m[K,
                 from [01m[K/home/jblevins32/IRR5/src/coords_pubsub/src/coords_pubsub.cpp:1[m[K:
[01m[K/usr/include/c++/11/bits/stl_iterator.h:577:5:[m[K [01;36m[Knote: [m[Kcandidate: ‘[01m[Ktemplate<class _IteratorL, class _IteratorR> constexpr decltype ((__y.base() - __x.base())) std::operator-(const std::reverse_iterator<_Iterator>&, const std::reverse_iterator<_IteratorR>&)[m[K’
  577 |     [01;36m[Koperator[m[K-(const reverse_iterator<_IteratorL>& __x,
      |     [01;36m[K^~~~~~~~[m[K
[01m[K/usr/include/c++/11/bits/stl_iterator.h:577:5:[m[K [01;36m[Knote: [m[K  template argument deduction/substitution failed:
[01m[K/home/jblevins32/IRR5/src/coords_pubsub/src/coords_pubsub.cpp:65:27:[m[K [01;36m[Knote: [m[K  ‘[01m[Knav_msgs::msg::Odometry[m[K’ {aka ‘[01m[Knav_msgs::msg::Odometry_<std::allocator<void> >[m[K’} is not derived from ‘[01m[Kconst std::reverse_iterator<_Iterator>[m[K’
   65 |         if (recent_odom - [01;36m[Kcurrent_goal[m[K > goal_threshold)
      |                           [01;36m[K^~~~~~~~~~~~[m[K
In file included from [01m[K/usr/include/c++/11/bits/stl_algobase.h:67[m[K,
                 from [01m[K/usr/include/c++/11/memory:63[m[K,
                 from [01m[K/opt/ros/humble/include/rclcpp/rclcpp/rclcpp.hpp:153[m[K,
                 from [01m[K/home/jblevins32/IRR5/src/coords_pubsub/src/coords_pubsub.cpp:1[m[K:
[01m[K/usr/include/c++/11/bits/stl_iterator.h:1693:5:[m[K [01;36m[Knote: [m[Kcandidate: ‘[01m[Ktemplate<class _IteratorL, class _IteratorR> constexpr decltype ((__x.base() - __y.base())) std::operator-(const std::move_iterator<_IteratorL>&, const std::move_iterator<_IteratorR>&)[m[K’
 1693 |     [01;36m[Koperator[m[K-(const move_iterator<_IteratorL>& __x,
      |     [01;36m[K^~~~~~~~[m[K
[01m[K/usr/include/c++/11/bits/stl_iterator.h:1693:5:[m[K [01;36m[Knote: [m[K  template argument deduction/substitution failed:
[01m[K/home/jblevins32/IRR5/src/coords_pubsub/src/coords_pubsub.cpp:65:27:[m[K [01;36m[Knote: [m[K  ‘[01m[Knav_msgs::msg::Odometry[m[K’ {aka ‘[01m[Knav_msgs::msg::Odometry_<std::allocator<void> >[m[K’} is not derived from ‘[01m[Kconst std::move_iterator<_IteratorL>[m[K’
   65 |         if (recent_odom - [01;36m[Kcurrent_goal[m[K > goal_threshold)
      |                           [01;36m[K^~~~~~~~~~~~[m[K
gmake[2]: *** [CMakeFiles/coords_pubsub.dir/build.make:76: CMakeFiles/coords_pubsub.dir/src/coords_pubsub.cpp.o] Error 1
gmake[1]: *** [CMakeFiles/Makefile2:137: CMakeFiles/coords_pubsub.dir/all] Error 2
gmake: *** [Makefile:146: all] Error 2
