[0.066s] DEBUG:colcon:Command line arguments: ['/usr/bin/colcon', 'build']
[0.066s] DEBUG:colcon:Parsed command line arguments: Namespace(log_base=None, log_level=None, verb_name='build', build_base='build', install_base='install', merge_install=False, symlink_install=False, test_result_base=None, continue_on_error=False, executor='parallel', parallel_workers=28, event_handlers=None, ignore_user_meta=False, metas=['./colcon.meta'], base_paths=['.'], packages_ignore=None, packages_ignore_regex=None, paths=None, packages_up_to=None, packages_up_to_regex=None, packages_above=None, packages_above_and_dependencies=None, packages_above_depth=None, packages_select_by_dep=None, packages_skip_by_dep=None, packages_skip_up_to=None, packages_select_build_failed=False, packages_skip_build_finished=False, packages_select_test_failures=False, packages_skip_test_passed=False, packages_select=None, packages_skip=None, packages_select_regex=None, packages_skip_regex=None, packages_start=None, packages_end=None, allow_overriding=[], cmake_args=None, cmake_target=None, cmake_target_skip_unavailable=False, cmake_clean_cache=False, cmake_clean_first=False, cmake_force_configure=False, ament_cmake_args=None, catkin_cmake_args=None, catkin_skip_building_tests=False, mixin_files=None, mixin=None, verb_parser=<colcon_mixin.mixin.mixin_argument.MixinArgumentDecorator object at 0x7a5b86d7a4a0>, verb_extension=<colcon_core.verb.build.BuildVerb object at 0x7a5b86e87a30>, main=<bound method BuildVerb.main of <colcon_core.verb.build.BuildVerb object at 0x7a5b86e87a30>>, mixin_verb=('build',))
[0.176s] Level 1:colcon.colcon_core.package_discovery:discover_packages(colcon_meta) check parameters
[0.176s] Level 1:colcon.colcon_core.package_discovery:discover_packages(recursive) check parameters
[0.176s] Level 1:colcon.colcon_core.package_discovery:discover_packages(ignore) check parameters
[0.176s] Level 1:colcon.colcon_core.package_discovery:discover_packages(path) check parameters
[0.176s] Level 1:colcon.colcon_core.package_discovery:discover_packages(colcon_meta) discover
[0.176s] Level 1:colcon.colcon_core.package_discovery:discover_packages(recursive) discover
[0.176s] INFO:colcon.colcon_core.package_discovery:Crawling recursively for packages in '/home/jblevins32/IRR5'
[0.176s] Level 1:colcon.colcon_core.package_identification:_identify(.) by extensions ['ignore', 'ignore_ament_install']
[0.176s] Level 1:colcon.colcon_core.package_identification:_identify(.) by extension 'ignore'
[0.176s] Level 1:colcon.colcon_core.package_identification:_identify(.) by extension 'ignore_ament_install'
[0.176s] Level 1:colcon.colcon_core.package_identification:_identify(.) by extensions ['colcon_pkg']
[0.176s] Level 1:colcon.colcon_core.package_identification:_identify(.) by extension 'colcon_pkg'
[0.176s] Level 1:colcon.colcon_core.package_identification:_identify(.) by extensions ['colcon_meta']
[0.177s] Level 1:colcon.colcon_core.package_identification:_identify(.) by extension 'colcon_meta'
[0.177s] Level 1:colcon.colcon_core.package_identification:_identify(.) by extensions ['ros']
[0.177s] Level 1:colcon.colcon_core.package_identification:_identify(.) by extension 'ros'
[0.197s] Level 1:colcon.colcon_core.package_identification:_identify(.) by extensions ['cmake', 'python']
[0.197s] Level 1:colcon.colcon_core.package_identification:_identify(.) by extension 'cmake'
[0.197s] Level 1:colcon.colcon_core.package_identification:_identify(.) by extension 'python'
[0.197s] Level 1:colcon.colcon_core.package_identification:_identify(.) by extensions ['python_setup_py']
[0.197s] Level 1:colcon.colcon_core.package_identification:_identify(.) by extension 'python_setup_py'
[0.197s] Level 1:colcon.colcon_core.package_identification:_identify(build) by extensions ['ignore', 'ignore_ament_install']
[0.197s] Level 1:colcon.colcon_core.package_identification:_identify(build) by extension 'ignore'
[0.197s] Level 1:colcon.colcon_core.package_identification:_identify(build) ignored
[0.197s] Level 1:colcon.colcon_core.package_identification:_identify(install) by extensions ['ignore', 'ignore_ament_install']
[0.197s] Level 1:colcon.colcon_core.package_identification:_identify(install) by extension 'ignore'
[0.197s] Level 1:colcon.colcon_core.package_identification:_identify(install) ignored
[0.197s] Level 1:colcon.colcon_core.package_identification:_identify(log) by extensions ['ignore', 'ignore_ament_install']
[0.197s] Level 1:colcon.colcon_core.package_identification:_identify(log) by extension 'ignore'
[0.197s] Level 1:colcon.colcon_core.package_identification:_identify(log) ignored
[0.197s] Level 1:colcon.colcon_core.package_identification:_identify(src) by extensions ['ignore', 'ignore_ament_install']
[0.197s] Level 1:colcon.colcon_core.package_identification:_identify(src) by extension 'ignore'
[0.197s] Level 1:colcon.colcon_core.package_identification:_identify(src) by extension 'ignore_ament_install'
[0.197s] Level 1:colcon.colcon_core.package_identification:_identify(src) by extensions ['colcon_pkg']
[0.197s] Level 1:colcon.colcon_core.package_identification:_identify(src) by extension 'colcon_pkg'
[0.197s] Level 1:colcon.colcon_core.package_identification:_identify(src) by extensions ['colcon_meta']
[0.197s] Level 1:colcon.colcon_core.package_identification:_identify(src) by extension 'colcon_meta'
[0.197s] Level 1:colcon.colcon_core.package_identification:_identify(src) by extensions ['ros']
[0.197s] Level 1:colcon.colcon_core.package_identification:_identify(src) by extension 'ros'
[0.197s] Level 1:colcon.colcon_core.package_identification:_identify(src) by extensions ['cmake', 'python']
[0.197s] Level 1:colcon.colcon_core.package_identification:_identify(src) by extension 'cmake'
[0.197s] Level 1:colcon.colcon_core.package_identification:_identify(src) by extension 'python'
[0.197s] Level 1:colcon.colcon_core.package_identification:_identify(src) by extensions ['python_setup_py']
[0.197s] Level 1:colcon.colcon_core.package_identification:_identify(src) by extension 'python_setup_py'
[0.198s] Level 1:colcon.colcon_core.package_identification:_identify(src/coords_pubsub) by extensions ['ignore', 'ignore_ament_install']
[0.198s] Level 1:colcon.colcon_core.package_identification:_identify(src/coords_pubsub) by extension 'ignore'
[0.198s] Level 1:colcon.colcon_core.package_identification:_identify(src/coords_pubsub) by extension 'ignore_ament_install'
[0.198s] Level 1:colcon.colcon_core.package_identification:_identify(src/coords_pubsub) by extensions ['colcon_pkg']
[0.198s] Level 1:colcon.colcon_core.package_identification:_identify(src/coords_pubsub) by extension 'colcon_pkg'
[0.198s] Level 1:colcon.colcon_core.package_identification:_identify(src/coords_pubsub) by extensions ['colcon_meta']
[0.198s] Level 1:colcon.colcon_core.package_identification:_identify(src/coords_pubsub) by extension 'colcon_meta'
[0.198s] Level 1:colcon.colcon_core.package_identification:_identify(src/coords_pubsub) by extensions ['ros']
[0.198s] Level 1:colcon.colcon_core.package_identification:_identify(src/coords_pubsub) by extension 'ros'
[0.200s] DEBUG:colcon.colcon_core.package_identification:Package 'src/coords_pubsub' with type 'ros.ament_cmake' and name 'coords_pubsub'
[0.200s] Level 1:colcon.colcon_core.package_discovery:discover_packages(recursive) using defaults
[0.200s] Level 1:colcon.colcon_core.package_discovery:discover_packages(ignore) discover
[0.200s] Level 1:colcon.colcon_core.package_discovery:discover_packages(ignore) using defaults
[0.200s] Level 1:colcon.colcon_core.package_discovery:discover_packages(path) discover
[0.200s] Level 1:colcon.colcon_core.package_discovery:discover_packages(path) using defaults
[0.212s] Level 1:colcon.colcon_core.package_discovery:discover_packages(prefix_path) check parameters
[0.212s] Level 1:colcon.colcon_core.package_discovery:discover_packages(prefix_path) discover
[0.213s] DEBUG:colcon.colcon_installed_package_information.package_discovery:Found 1 installed packages in /home/jblevins32/IRR5/install
[0.214s] DEBUG:colcon.colcon_installed_package_information.package_discovery:Found 331 installed packages in /opt/ros/humble
[0.215s] Level 1:colcon.colcon_core.package_discovery:discover_packages(prefix_path) using defaults
[0.238s] Level 5:colcon.colcon_core.verb:set package 'coords_pubsub' build argument 'cmake_args' from command line to 'None'
[0.238s] Level 5:colcon.colcon_core.verb:set package 'coords_pubsub' build argument 'cmake_target' from command line to 'None'
[0.238s] Level 5:colcon.colcon_core.verb:set package 'coords_pubsub' build argument 'cmake_target_skip_unavailable' from command line to 'False'
[0.238s] Level 5:colcon.colcon_core.verb:set package 'coords_pubsub' build argument 'cmake_clean_cache' from command line to 'False'
[0.238s] Level 5:colcon.colcon_core.verb:set package 'coords_pubsub' build argument 'cmake_clean_first' from command line to 'False'
[0.238s] Level 5:colcon.colcon_core.verb:set package 'coords_pubsub' build argument 'cmake_force_configure' from command line to 'False'
[0.238s] Level 5:colcon.colcon_core.verb:set package 'coords_pubsub' build argument 'ament_cmake_args' from command line to 'None'
[0.238s] Level 5:colcon.colcon_core.verb:set package 'coords_pubsub' build argument 'catkin_cmake_args' from command line to 'None'
[0.238s] Level 5:colcon.colcon_core.verb:set package 'coords_pubsub' build argument 'catkin_skip_building_tests' from command line to 'False'
[0.238s] DEBUG:colcon.colcon_core.verb:Building package 'coords_pubsub' with the following arguments: {'ament_cmake_args': None, 'build_base': '/home/jblevins32/IRR5/build/coords_pubsub', 'catkin_cmake_args': None, 'catkin_skip_building_tests': False, 'cmake_args': None, 'cmake_clean_cache': False, 'cmake_clean_first': False, 'cmake_force_configure': False, 'cmake_target': None, 'cmake_target_skip_unavailable': False, 'install_base': '/home/jblevins32/IRR5/install/coords_pubsub', 'merge_install': False, 'path': '/home/jblevins32/IRR5/src/coords_pubsub', 'symlink_install': False, 'test_result_base': None}
[0.238s] INFO:colcon.colcon_core.executor:Executing jobs using 'parallel' executor
[0.239s] DEBUG:colcon.colcon_parallel_executor.executor.parallel:run_until_complete
[0.239s] INFO:colcon.colcon_ros.task.ament_cmake.build:Building ROS package in '/home/jblevins32/IRR5/src/coords_pubsub' with build type 'ament_cmake'
[0.239s] INFO:colcon.colcon_cmake.task.cmake.build:Building CMake package in '/home/jblevins32/IRR5/src/coords_pubsub'
[0.240s] INFO:colcon.colcon_core.plugin_system:Skipping extension 'colcon_core.shell.bat': Not used on non-Windows systems
[0.240s] INFO:colcon.colcon_core.shell:Skip shell extension 'powershell' for command environment: Not usable outside of PowerShell
[0.240s] DEBUG:colcon.colcon_core.shell:Skip shell extension 'dsv' for command environment
[0.247s] DEBUG:colcon.colcon_core.event_handler.log_command:Invoking command in '/home/jblevins32/IRR5/build/coords_pubsub': CMAKE_PREFIX_PATH=${CMAKE_PREFIX_PATH}:/opt/ros/humble DEBUGINFOD_URLS=https://debuginfod.ubuntu.com /usr/bin/cmake --build /home/jblevins32/IRR5/build/coords_pubsub -- -j28 -l28
[6.113s] DEBUG:colcon.colcon_core.event_handler.log_command:Invoked command in '/home/jblevins32/IRR5/build/coords_pubsub' returned '0': CMAKE_PREFIX_PATH=${CMAKE_PREFIX_PATH}:/opt/ros/humble DEBUGINFOD_URLS=https://debuginfod.ubuntu.com /usr/bin/cmake --build /home/jblevins32/IRR5/build/coords_pubsub -- -j28 -l28
[6.127s] DEBUG:colcon.colcon_core.event_handler.log_command:Invoking command in '/home/jblevins32/IRR5/build/coords_pubsub': CMAKE_PREFIX_PATH=${CMAKE_PREFIX_PATH}:/opt/ros/humble DEBUGINFOD_URLS=https://debuginfod.ubuntu.com /usr/bin/cmake --install /home/jblevins32/IRR5/build/coords_pubsub
[6.142s] Level 1:colcon.colcon_core.environment:create_environment_scripts_only(coords_pubsub)
[6.142s] DEBUG:colcon.colcon_core.event_handler.log_command:Invoked command in '/home/jblevins32/IRR5/build/coords_pubsub' returned '0': CMAKE_PREFIX_PATH=${CMAKE_PREFIX_PATH}:/opt/ros/humble DEBUGINFOD_URLS=https://debuginfod.ubuntu.com /usr/bin/cmake --install /home/jblevins32/IRR5/build/coords_pubsub
[6.144s] Level 1:colcon.colcon_core.environment:checking '/home/jblevins32/IRR5/install/coords_pubsub' for CMake module files
[6.144s] Level 1:colcon.colcon_core.environment:checking '/home/jblevins32/IRR5/install/coords_pubsub' for CMake config files
[6.144s] Level 1:colcon.colcon_core.shell:create_environment_hook('coords_pubsub', 'cmake_prefix_path')
[6.144s] INFO:colcon.colcon_core.shell:Creating environment hook '/home/jblevins32/IRR5/install/coords_pubsub/share/coords_pubsub/hook/cmake_prefix_path.ps1'
[6.145s] INFO:colcon.colcon_core.shell:Creating environment descriptor '/home/jblevins32/IRR5/install/coords_pubsub/share/coords_pubsub/hook/cmake_prefix_path.dsv'
[6.145s] INFO:colcon.colcon_core.shell:Creating environment hook '/home/jblevins32/IRR5/install/coords_pubsub/share/coords_pubsub/hook/cmake_prefix_path.sh'
[6.145s] Level 1:colcon.colcon_core.environment:checking '/home/jblevins32/IRR5/install/coords_pubsub/lib'
[6.146s] Level 1:colcon.colcon_core.environment:checking '/home/jblevins32/IRR5/install/coords_pubsub/bin'
[6.146s] Level 1:colcon.colcon_core.environment:checking '/home/jblevins32/IRR5/install/coords_pubsub/lib/pkgconfig/coords_pubsub.pc'
[6.146s] Level 1:colcon.colcon_core.environment:checking '/home/jblevins32/IRR5/install/coords_pubsub/lib/python3.10/site-packages'
[6.146s] Level 1:colcon.colcon_core.environment:checking '/home/jblevins32/IRR5/install/coords_pubsub/bin'
[6.146s] INFO:colcon.colcon_core.shell:Creating package script '/home/jblevins32/IRR5/install/coords_pubsub/share/coords_pubsub/package.ps1'
[6.147s] INFO:colcon.colcon_core.shell:Creating package descriptor '/home/jblevins32/IRR5/install/coords_pubsub/share/coords_pubsub/package.dsv'
[6.147s] INFO:colcon.colcon_core.shell:Creating package script '/home/jblevins32/IRR5/install/coords_pubsub/share/coords_pubsub/package.sh'
[6.147s] INFO:colcon.colcon_core.shell:Creating package script '/home/jblevins32/IRR5/install/coords_pubsub/share/coords_pubsub/package.bash'
[6.148s] INFO:colcon.colcon_core.shell:Creating package script '/home/jblevins32/IRR5/install/coords_pubsub/share/coords_pubsub/package.zsh'
[6.148s] Level 1:colcon.colcon_core.environment:create_file_with_runtime_dependencies(/home/jblevins32/IRR5/install/coords_pubsub/share/colcon-core/packages/coords_pubsub)
[6.149s] Level 1:colcon.colcon_core.environment:create_environment_scripts_only(coords_pubsub)
[6.149s] Level 1:colcon.colcon_core.environment:checking '/home/jblevins32/IRR5/install/coords_pubsub' for CMake module files
[6.149s] Level 1:colcon.colcon_core.environment:checking '/home/jblevins32/IRR5/install/coords_pubsub' for CMake config files
[6.149s] Level 1:colcon.colcon_core.shell:create_environment_hook('coords_pubsub', 'cmake_prefix_path')
[6.149s] INFO:colcon.colcon_core.shell:Creating environment hook '/home/jblevins32/IRR5/install/coords_pubsub/share/coords_pubsub/hook/cmake_prefix_path.ps1'
[6.149s] INFO:colcon.colcon_core.shell:Creating environment descriptor '/home/jblevins32/IRR5/install/coords_pubsub/share/coords_pubsub/hook/cmake_prefix_path.dsv'
[6.150s] INFO:colcon.colcon_core.shell:Creating environment hook '/home/jblevins32/IRR5/install/coords_pubsub/share/coords_pubsub/hook/cmake_prefix_path.sh'
[6.150s] Level 1:colcon.colcon_core.environment:checking '/home/jblevins32/IRR5/install/coords_pubsub/lib'
[6.150s] Level 1:colcon.colcon_core.environment:checking '/home/jblevins32/IRR5/install/coords_pubsub/bin'
[6.150s] Level 1:colcon.colcon_core.environment:checking '/home/jblevins32/IRR5/install/coords_pubsub/lib/pkgconfig/coords_pubsub.pc'
[6.150s] Level 1:colcon.colcon_core.environment:checking '/home/jblevins32/IRR5/install/coords_pubsub/lib/python3.10/site-packages'
[6.150s] Level 1:colcon.colcon_core.environment:checking '/home/jblevins32/IRR5/install/coords_pubsub/bin'
[6.150s] INFO:colcon.colcon_core.shell:Creating package script '/home/jblevins32/IRR5/install/coords_pubsub/share/coords_pubsub/package.ps1'
[6.151s] INFO:colcon.colcon_core.shell:Creating package descriptor '/home/jblevins32/IRR5/install/coords_pubsub/share/coords_pubsub/package.dsv'
[6.151s] INFO:colcon.colcon_core.shell:Creating package script '/home/jblevins32/IRR5/install/coords_pubsub/share/coords_pubsub/package.sh'
[6.151s] INFO:colcon.colcon_core.shell:Creating package script '/home/jblevins32/IRR5/install/coords_pubsub/share/coords_pubsub/package.bash'
[6.151s] INFO:colcon.colcon_core.shell:Creating package script '/home/jblevins32/IRR5/install/coords_pubsub/share/coords_pubsub/package.zsh'
[6.152s] Level 1:colcon.colcon_core.environment:create_file_with_runtime_dependencies(/home/jblevins32/IRR5/install/coords_pubsub/share/colcon-core/packages/coords_pubsub)
[6.152s] DEBUG:colcon.colcon_parallel_executor.executor.parallel:closing loop
[6.152s] DEBUG:colcon.colcon_parallel_executor.executor.parallel:loop closed
[6.152s] DEBUG:colcon.colcon_parallel_executor.executor.parallel:run_until_complete finished with '0'
[6.152s] DEBUG:colcon.colcon_core.event_reactor:joining thread
[6.156s] INFO:colcon.colcon_core.plugin_system:Skipping extension 'colcon_notification.desktop_notification.terminal_notifier': Not used on non-Darwin systems
[6.156s] INFO:colcon.colcon_core.plugin_system:Skipping extension 'colcon_notification.desktop_notification.win32': Not used on non-Windows systems
[6.156s] INFO:colcon.colcon_notification.desktop_notification:Sending desktop notification using 'notify2'
[6.164s] DEBUG:colcon.colcon_core.event_reactor:joined thread
[6.164s] INFO:colcon.colcon_core.shell:Creating prefix script '/home/jblevins32/IRR5/install/local_setup.ps1'
[6.165s] INFO:colcon.colcon_core.shell:Creating prefix util module '/home/jblevins32/IRR5/install/_local_setup_util_ps1.py'
[6.166s] INFO:colcon.colcon_core.shell:Creating prefix chain script '/home/jblevins32/IRR5/install/setup.ps1'
[6.167s] INFO:colcon.colcon_core.shell:Creating prefix script '/home/jblevins32/IRR5/install/local_setup.sh'
[6.167s] INFO:colcon.colcon_core.shell:Creating prefix util module '/home/jblevins32/IRR5/install/_local_setup_util_sh.py'
[6.168s] INFO:colcon.colcon_core.shell:Creating prefix chain script '/home/jblevins32/IRR5/install/setup.sh'
[6.168s] INFO:colcon.colcon_core.shell:Creating prefix script '/home/jblevins32/IRR5/install/local_setup.bash'
[6.169s] INFO:colcon.colcon_core.shell:Creating prefix chain script '/home/jblevins32/IRR5/install/setup.bash'
[6.170s] INFO:colcon.colcon_core.shell:Creating prefix script '/home/jblevins32/IRR5/install/local_setup.zsh'
[6.170s] INFO:colcon.colcon_core.shell:Creating prefix chain script '/home/jblevins32/IRR5/install/setup.zsh'
