[0.063s] DEBUG:colcon:Command line arguments: ['/usr/bin/colcon', 'list', '-p', '--base-paths', '/home/jblevins32/IRR5']
[0.063s] DEBUG:colcon:Parsed command line arguments: Namespace(log_base=None, log_level=None, verb_name='list', build_base='build', ignore_user_meta=False, metas=['./colcon.meta'], base_paths=['/home/jblevins32/IRR5'], packages_ignore=None, packages_ignore_regex=None, paths=None, packages_up_to=None, packages_up_to_regex=None, packages_above=None, packages_above_and_dependencies=None, packages_above_depth=None, packages_select_by_dep=None, packages_skip_by_dep=None, packages_skip_up_to=None, packages_select_build_failed=False, packages_skip_build_finished=False, packages_select_test_failures=False, packages_skip_test_passed=False, packages_select=None, packages_skip=None, packages_select_regex=None, packages_skip_regex=None, packages_start=None, packages_end=None, allow_overriding=[], topological_order=False, names_only=False, paths_only=True, topological_graph=False, topological_graph_dot=False, topological_graph_density=False, topological_graph_legend=False, topological_graph_dot_cluster=False, topological_graph_dot_include_skipped=False, mixin_files=None, mixin=None, verb_parser=<colcon_mixin.mixin.mixin_argument.MixinArgumentDecorator object at 0x7bd50d167820>, verb_extension=<colcon_package_information.verb.list.ListVerb object at 0x7bd50d11c280>, main=<bound method ListVerb.main of <colcon_package_information.verb.list.ListVerb object at 0x7bd50d11c280>>, mixin_verb=('list',))
[0.178s] Level 1:colcon.colcon_core.package_discovery:discover_packages(colcon_meta) check parameters
[0.178s] Level 1:colcon.colcon_core.package_discovery:discover_packages(recursive) check parameters
[0.178s] Level 1:colcon.colcon_core.package_discovery:discover_packages(ignore) check parameters
[0.178s] Level 1:colcon.colcon_core.package_discovery:discover_packages(path) check parameters
[0.178s] Level 1:colcon.colcon_core.package_discovery:discover_packages(recursive) discover
[0.178s] INFO:colcon.colcon_core.package_discovery:Crawling recursively for packages in '/home/jblevins32/IRR5'
[0.178s] Level 1:colcon.colcon_core.package_identification:_identify(/home/jblevins32/IRR5) by extensions ['ignore', 'ignore_ament_install']
[0.178s] Level 1:colcon.colcon_core.package_identification:_identify(/home/jblevins32/IRR5) by extension 'ignore'
[0.178s] Level 1:colcon.colcon_core.package_identification:_identify(/home/jblevins32/IRR5) by extension 'ignore_ament_install'
[0.178s] Level 1:colcon.colcon_core.package_identification:_identify(/home/jblevins32/IRR5) by extensions ['colcon_pkg']
[0.178s] Level 1:colcon.colcon_core.package_identification:_identify(/home/jblevins32/IRR5) by extension 'colcon_pkg'
[0.178s] Level 1:colcon.colcon_core.package_identification:_identify(/home/jblevins32/IRR5) by extensions ['colcon_meta']
[0.178s] Level 1:colcon.colcon_core.package_identification:_identify(/home/jblevins32/IRR5) by extension 'colcon_meta'
[0.178s] Level 1:colcon.colcon_core.package_identification:_identify(/home/jblevins32/IRR5) by extensions ['ros']
[0.178s] Level 1:colcon.colcon_core.package_identification:_identify(/home/jblevins32/IRR5) by extension 'ros'
[0.199s] Level 1:colcon.colcon_core.package_identification:_identify(/home/jblevins32/IRR5) by extensions ['cmake', 'python']
[0.199s] Level 1:colcon.colcon_core.package_identification:_identify(/home/jblevins32/IRR5) by extension 'cmake'
[0.199s] Level 1:colcon.colcon_core.package_identification:_identify(/home/jblevins32/IRR5) by extension 'python'
[0.199s] Level 1:colcon.colcon_core.package_identification:_identify(/home/jblevins32/IRR5) by extensions ['python_setup_py']
[0.199s] Level 1:colcon.colcon_core.package_identification:_identify(/home/jblevins32/IRR5) by extension 'python_setup_py'
[0.199s] Level 1:colcon.colcon_core.package_identification:_identify(/home/jblevins32/IRR5/log) by extensions ['ignore', 'ignore_ament_install']
[0.199s] Level 1:colcon.colcon_core.package_identification:_identify(/home/jblevins32/IRR5/log) by extension 'ignore'
[0.199s] Level 1:colcon.colcon_core.package_identification:_identify(/home/jblevins32/IRR5/log) ignored
[0.199s] Level 1:colcon.colcon_core.package_identification:_identify(/home/jblevins32/IRR5/src) by extensions ['ignore', 'ignore_ament_install']
[0.199s] Level 1:colcon.colcon_core.package_identification:_identify(/home/jblevins32/IRR5/src) by extension 'ignore'
[0.200s] Level 1:colcon.colcon_core.package_identification:_identify(/home/jblevins32/IRR5/src) by extension 'ignore_ament_install'
[0.200s] Level 1:colcon.colcon_core.package_identification:_identify(/home/jblevins32/IRR5/src) by extensions ['colcon_pkg']
[0.200s] Level 1:colcon.colcon_core.package_identification:_identify(/home/jblevins32/IRR5/src) by extension 'colcon_pkg'
[0.200s] Level 1:colcon.colcon_core.package_identification:_identify(/home/jblevins32/IRR5/src) by extensions ['colcon_meta']
[0.200s] Level 1:colcon.colcon_core.package_identification:_identify(/home/jblevins32/IRR5/src) by extension 'colcon_meta'
[0.200s] Level 1:colcon.colcon_core.package_identification:_identify(/home/jblevins32/IRR5/src) by extensions ['ros']
[0.200s] Level 1:colcon.colcon_core.package_identification:_identify(/home/jblevins32/IRR5/src) by extension 'ros'
[0.200s] Level 1:colcon.colcon_core.package_identification:_identify(/home/jblevins32/IRR5/src) by extensions ['cmake', 'python']
[0.200s] Level 1:colcon.colcon_core.package_identification:_identify(/home/jblevins32/IRR5/src) by extension 'cmake'
[0.200s] Level 1:colcon.colcon_core.package_identification:_identify(/home/jblevins32/IRR5/src) by extension 'python'
[0.200s] Level 1:colcon.colcon_core.package_identification:_identify(/home/jblevins32/IRR5/src) by extensions ['python_setup_py']
[0.200s] Level 1:colcon.colcon_core.package_identification:_identify(/home/jblevins32/IRR5/src) by extension 'python_setup_py'
[0.200s] Level 1:colcon.colcon_core.package_identification:_identify(/home/jblevins32/IRR5/src/coords_pubsub) by extensions ['ignore', 'ignore_ament_install']
[0.200s] Level 1:colcon.colcon_core.package_identification:_identify(/home/jblevins32/IRR5/src/coords_pubsub) by extension 'ignore'
[0.200s] Level 1:colcon.colcon_core.package_identification:_identify(/home/jblevins32/IRR5/src/coords_pubsub) by extension 'ignore_ament_install'
[0.200s] Level 1:colcon.colcon_core.package_identification:_identify(/home/jblevins32/IRR5/src/coords_pubsub) by extensions ['colcon_pkg']
[0.200s] Level 1:colcon.colcon_core.package_identification:_identify(/home/jblevins32/IRR5/src/coords_pubsub) by extension 'colcon_pkg'
[0.200s] Level 1:colcon.colcon_core.package_identification:_identify(/home/jblevins32/IRR5/src/coords_pubsub) by extensions ['colcon_meta']
[0.200s] Level 1:colcon.colcon_core.package_identification:_identify(/home/jblevins32/IRR5/src/coords_pubsub) by extension 'colcon_meta'
[0.200s] Level 1:colcon.colcon_core.package_identification:_identify(/home/jblevins32/IRR5/src/coords_pubsub) by extensions ['ros']
[0.200s] Level 1:colcon.colcon_core.package_identification:_identify(/home/jblevins32/IRR5/src/coords_pubsub) by extension 'ros'
[0.202s] DEBUG:colcon.colcon_core.package_identification:Package '/home/jblevins32/IRR5/src/coords_pubsub' with type 'ros.ament_cmake' and name 'coords_pubsub'
[0.202s] Level 1:colcon.colcon_core.package_discovery:discover_packages(recursive) using defaults
